[    0.000000] Initializing cgroup subsys cpuset
[    0.000000] Initializing cgroup subsys cpu
[    0.000000] Initializing cgroup subsys cpuacct
[    0.000000] Linux version 4.4.0-186-generic (buildd@lgw01-amd64-037) (gcc version 5.4.0 20160609 (Ubuntu 5.4.0-6ubuntu1~16.04.12) ) #216-Ubuntu SMP Wed Jul 1 05:34:35 UTC 2020 (Ubuntu 4.4.0-186.216-generic 4.4.228)
[    0.000000] KERNEL supported cpus:
[    0.000000]   Intel GenuineIntel
[    0.000000]   AMD AuthenticAMD
[    0.000000]   NSC Geode by NSC
[    0.000000]   Cyrix CyrixInstead
[    0.000000]   Centaur CentaurHauls
[    0.000000]   Transmeta GenuineTMx86
[    0.000000]   Transmeta TransmetaCPU
[    0.000000]   UMC UMC UMC UMC
[    0.000000] x86/fpu: xstate_offset[2]:  576, xstate_sizes[2]:  256
[    0.000000] x86/fpu: Supporting XSAVE feature 0x01: 'x87 floating point registers'
[    0.000000] x86/fpu: Supporting XSAVE feature 0x02: 'SSE registers'
[    0.000000] x86/fpu: Supporting XSAVE feature 0x04: 'AVX registers'
[    0.000000] x86/fpu: Enabled xstate features 0x7, context size is 832 bytes, using 'standard' format.
[    0.000000] e820: BIOS-provided physical RAM map:
[    0.000000] BIOS-e820: [mem 0x0000000000000000-0x000000000009fbff] usable
[    0.000000] BIOS-e820: [mem 0x000000000009fc00-0x000000000009ffff] reserved
[    0.000000] BIOS-e820: [mem 0x00000000000f0000-0x00000000000fffff] reserved
[    0.000000] BIOS-e820: [mem 0x0000000000100000-0x000000003ffeffff] usable
[    0.000000] BIOS-e820: [mem 0x000000003fff0000-0x000000003fffffff] ACPI data
[    0.000000] BIOS-e820: [mem 0x00000000fec00000-0x00000000fec00fff] reserved
[    0.000000] BIOS-e820: [mem 0x00000000fee00000-0x00000000fee00fff] reserved
[    0.000000] BIOS-e820: [mem 0x00000000fffc0000-0x00000000ffffffff] reserved
[    0.000000] NX (Execute Disable) protection: active
[    0.000000] SMBIOS 2.5 present.
[    0.000000] Hypervisor detected: KVM
[    0.000000] e820: last_pfn = 0x3fff0 max_arch_pfn = 0x1000000
[    0.000000] MTRR: Disabled
[    0.000000] x86/PAT: MTRRs disabled, skipping PAT initialization too.
[    0.000000] CPU MTRRs all blank - virtualized system.
[    0.000000] x86/PAT: Configuration [0-7]: WB  WT  UC- UC  WB  WT  UC- UC  
[    0.000000] found SMP MP-table at [mem 0x0009fff0-0x0009ffff] mapped at [c009fff0]
[    0.000000] Scanning 1 areas for low memory corruption
[    0.000000] RAMDISK: [mem 0x362f4000-0x37171fff]
[    0.000000] ACPI: Early table checksum verification disabled
[    0.000000] ACPI: RSDP 0x00000000000E0000 000024 (v02 VBOX  )
[    0.000000] ACPI: XSDT 0x000000003FFF0030 00003C (v01 VBOX   VBOXXSDT 00000001 ASL  00000061)
[    0.000000] ACPI: FACP 0x000000003FFF00F0 0000F4 (v04 VBOX   VBOXFACP 00000001 ASL  00000061)
[    0.000000] ACPI: DSDT 0x000000003FFF0470 002325 (v02 VBOX   VBOXBIOS 00000002 INTL 20100528)
[    0.000000] ACPI: FACS 0x000000003FFF0200 000040
[    0.000000] ACPI: FACS 0x000000003FFF0200 000040
[    0.000000] ACPI: APIC 0x000000003FFF0240 00005C (v02 VBOX   VBOXAPIC 00000001 ASL  00000061)
[    0.000000] ACPI: SSDT 0x000000003FFF02A0 0001CC (v01 VBOX   VBOXCPUT 00000002 INTL 20100528)
[    0.000000] 131MB HIGHMEM available.
[    0.000000] 891MB LOWMEM available.
[    0.000000]   mapped low ram: 0 - 37bfe000
[    0.000000]   low ram: 0 - 37bfe000
[    0.000000] kvm-clock: Using msrs 4b564d01 and 4b564d00
[    0.000000] kvm-clock: cpu 0, msr 0:37bfd001, primary cpu clock
[    0.000000] kvm-clock: using sched offset of 3639014097 cycles
[    0.000000] clocksource: kvm-clock: mask: 0xffffffffffffffff max_cycles: 0x1cd42e4dffb, max_idle_ns: 881590591483 ns
[    0.000000] Zone ranges:
[    0.000000]   DMA      [mem 0x0000000000001000-0x0000000000ffffff]
[    0.000000]   Normal   [mem 0x0000000001000000-0x0000000037bfdfff]
[    0.000000]   HighMem  [mem 0x0000000037bfe000-0x000000003ffeffff]
[    0.000000] Movable zone start for each node
[    0.000000] Early memory node ranges
[    0.000000]   node   0: [mem 0x0000000000001000-0x000000000009efff]
[    0.000000]   node   0: [mem 0x0000000000100000-0x000000003ffeffff]
[    0.000000] Initmem setup node 0 [mem 0x0000000000001000-0x000000003ffeffff]
[    0.000000] Using APIC driver default
[    0.000000] ACPI: PM-Timer IO Port: 0x4008
[    0.000000] IOAPIC[0]: apic_id 2, version 32, address 0xfec00000, GSI 0-23
[    0.000000] ACPI: INT_SRC_OVR (bus 0 bus_irq 0 global_irq 2 dfl dfl)
[    0.000000] ACPI: INT_SRC_OVR (bus 0 bus_irq 9 global_irq 9 low level)
[    0.000000] Using ACPI (MADT) for SMP configuration information
[    0.000000] smpboot: Allowing 2 CPUs, 0 hotplug CPUs
[    0.000000] PM: Registered nosave memory: [mem 0x00000000-0x00000fff]
[    0.000000] PM: Registered nosave memory: [mem 0x0009f000-0x0009ffff]
[    0.000000] PM: Registered nosave memory: [mem 0x000a0000-0x000effff]
[    0.000000] PM: Registered nosave memory: [mem 0x000f0000-0x000fffff]
[    0.000000] e820: [mem 0x40000000-0xfebfffff] available for PCI devices
[    0.000000] Booting paravirtualized kernel on KVM
[    0.000000] clocksource: refined-jiffies: mask: 0xffffffff max_cycles: 0xffffffff, max_idle_ns: 7645519600211568 ns
[    0.000000] setup_percpu: NR_CPUS:8 nr_cpumask_bits:8 nr_cpu_ids:2 nr_node_ids:1
[    0.000000] PERCPU: Embedded 18 pages/cpu @f71b2000 s43276 r0 d30452 u73728
[    0.000000] Built 1 zonelists in Zone order, mobility grouping on.  Total pages: 259800
[    0.000000] Kernel command line: BOOT_IMAGE=/boot/vmlinuz-4.4.0-186-generic root=UUID=1ba055c5-f756-4622-b099-be68a229acf5 ro console=tty1 console=ttyS0
[    0.000000] PID hash table entries: 4096 (order: 2, 16384 bytes)
[    0.000000] Dentry cache hash table entries: 131072 (order: 7, 524288 bytes)
[    0.000000] Inode-cache hash table entries: 65536 (order: 6, 262144 bytes)
[    0.000000] Initializing CPU#0
[    0.000000] Initializing HighMem for node 0 (00037bfe:0003fff0)
[    0.000000] Initializing Movable for node 0 (00000000:00000000)
[    0.000000] Memory: 1007856K/1048120K available (8146K kernel code, 794K rwdata, 3212K rodata, 940K init, 788K bss, 40264K reserved, 0K cma-reserved, 135112K highmem)
[    0.000000] virtual kernel memory layout:
[    0.000000]     fixmap  : 0xfff15000 - 0xfffff000   ( 936 kB)
[    0.000000]     pkmap   : 0xffc00000 - 0xffe00000   (2048 kB)
[    0.000000]     vmalloc : 0xf83fe000 - 0xffbfe000   ( 120 MB)
[    0.000000]     lowmem  : 0xc0000000 - 0xf7bfe000   ( 891 MB)
[    0.000000]       .init : 0xc1be1000 - 0xc1ccc000   ( 940 kB)
[    0.000000]       .data : 0xc17f4cb8 - 0xc1bdfa80   (4011 kB)
[    0.000000]       .text : 0xc1000000 - 0xc17f4cb8   (8147 kB)
[    0.000000] Checking if this processor honours the WP bit even in supervisor mode...Ok.
[    0.000000] SLUB: HWalign=64, Order=0-3, MinObjects=0, CPUs=2, Nodes=1
[    0.000000] Hierarchical RCU implementation.
[    0.000000] 	Build-time adjustment of leaf fanout to 32.
[    0.000000] 	RCU restricting CPUs from NR_CPUS=8 to nr_cpu_ids=2.
[    0.000000] RCU: Adjusting geometry for rcu_fanout_leaf=32, nr_cpu_ids=2
[    0.000000] NR_IRQS:2304 nr_irqs:440 16
[    0.000000] Console: colour VGA+ 80x25
[    0.000000] console [tty1] enabled
[    0.000000] console [ttyS0] enabled
[    0.000000] allocated 1048576 bytes of page_ext
[    0.000000] tsc: Detected 2303.998 MHz processor
[    0.158052] Calibrating delay loop (skipped) preset value.. 4607.99 BogoMIPS (lpj=9215992)
[    0.160454] pid_max: default: 32768 minimum: 301
[    0.161474] ACPI: Core revision 20150930
[    0.163098] ACPI: 2 ACPI AML tables successfully acquired and loaded
[    0.165020] Security Framework initialized
[    0.165886] Yama: becoming mindful.
[    0.166735] AppArmor: AppArmor initialized
[    0.167745] Mount-cache hash table entries: 2048 (order: 1, 8192 bytes)
[    0.169045] Mountpoint-cache hash table entries: 2048 (order: 1, 8192 bytes)
[    0.170621] Initializing cgroup subsys io
[    0.171527] Initializing cgroup subsys memory
[    0.172509] Initializing cgroup subsys devices
[    0.173394] Initializing cgroup subsys freezer
[    0.174319] Initializing cgroup subsys net_cls
[    0.175219] Initializing cgroup subsys perf_event
[    0.176178] Initializing cgroup subsys net_prio
[    0.177094] Initializing cgroup subsys hugetlb
[    0.178178] Initializing cgroup subsys pids
[    0.181255] mce: CPU supports 0 MCE banks
[    0.182231] Last level iTLB entries: 4KB 64, 2MB 8, 4MB 8
[    0.183262] Last level dTLB entries: 4KB 64, 2MB 0, 4MB 0, 1GB 4
[    0.184403] Spectre V1 : Mitigation: usercopy/swapgs barriers and __user pointer sanitization
[    0.186122] Spectre V2 : Mitigation: Full generic retpoline
[    0.187261] Spectre V2 : Spectre v2 / SpectreRSB mitigation: Filling RSB on context switch
[    0.189281] Speculative Store Bypass: Vulnerable
[    0.190464] SRBDS: Unknown: Dependent on hypervisor status
[    0.191660] MDS: Mitigation: Clear CPU buffers
[    0.195324] Freeing SMP alternatives memory: 36K
[    0.200817] ftrace: allocating 31622 entries in 62 pages
[    0.252563] smpboot: APIC(0) Converting physical 0 to logical package 0
[    0.254368] smpboot: Max logical packages: 1
[    0.255200] Enabling APIC mode:  Flat.  Using 1 I/O APICs
[    0.257008] ..TIMER: vector=0x30 apic1=0 pin1=2 apic2=-1 pin2=-1
[    0.366451] smpboot: CPU0: Intel(R) Core(TM) i9-9880H CPU @ 2.30GHz (family: 0x6, model: 0x9e, stepping: 0xd)
[    0.369971] Performance Events: unsupported p6 CPU model 158 no PMU driver, software events only.
[    0.379588] KVM setup paravirtual spinlock
[    0.381578] x86: Booting SMP configuration:
[    0.382728] .... node  #0, CPUs:      #1
[1266874886.070537] Initializing CPU#1
[    0.384714] kvm-clock: cpu 1, msr 0:37bfd041, secondary cpu clock
[    0.387932] mce: CPU supports 0 MCE banks
[    0.391004] x86: Booted up 1 node, 2 CPUs
[    0.392316] smpboot: Total of 2 processors activated (9215.99 BogoMIPS)
[    0.394405] devtmpfs: initialized
[    0.395426] evm: security.selinux
[    0.396561] evm: security.SMACK64
[    0.397325] evm: security.SMACK64EXEC
[    0.398117] evm: security.SMACK64TRANSMUTE
[    0.399501] evm: security.SMACK64MMAP
[    0.400343] evm: security.ima
[    0.401368] evm: security.capability
[    0.402376] clocksource: jiffies: mask: 0xffffffff max_cycles: 0xffffffff, max_idle_ns: 7645041785100000 ns
[    0.404327] futex hash table entries: 512 (order: 3, 32768 bytes)
[    0.405917] pinctrl core: initialized pinctrl subsystem
[    0.407333] RTC time: 22:26:16, date: 08/04/20
[    0.408803] NET: Registered protocol family 16
[    0.409895] EISA bus registered
[    0.421852] cpuidle: using governor ladder
[    0.434273] cpuidle: using governor menu
[    0.435309] PCCT header not found.
[    0.436253] ACPI: bus type PCI registered
[    0.437078] acpiphp: ACPI Hot Plug PCI Controller Driver version: 0.5
[    0.439031] PCI : PCI BIOS area is rw and x. Use pci=nobios if you want it NX.
[    0.440624] PCI: PCI BIOS revision 2.10 entry at 0xfda26, last bus=0
[    0.442261] PCI: Using configuration type 1 for base access
[    0.454998] ACPI: Added _OSI(Module Device)
[    0.456252] ACPI: Added _OSI(Processor Device)
[    0.457190] ACPI: Added _OSI(3.0 _SCP Extensions)
[    0.458240] ACPI: Added _OSI(Processor Aggregator Device)
[    0.460194] ACPI: Executed 1 blocks of module-level executable AML code
[    0.463504] ACPI: Interpreter enabled
[    0.464473] ACPI: (supports S0 S5)
[    0.465309] ACPI: Using IOAPIC for interrupt routing
[    0.474667] PCI: Using host bridge windows from ACPI; if necessary, use "pci=nocrs" and report a bug
[    0.481649] ACPI: PCI Root Bridge [PCI0] (domain 0000 [bus 00-ff])
[    0.483599] acpi PNP0A03:00: _OSC: OS supports [ASPM ClockPM Segments MSI]
[    0.485514] acpi PNP0A03:00: _OSC: not requesting OS control; OS requires [ExtendedConfig ASPM ClockPM MSI]
[    0.487969] acpi PNP0A03:00: fail to add MMCONFIG information, can't access extended PCI configuration space under this bridge.
[    0.490882] PCI host bridge to bus 0000:00
[    0.491865] pci_bus 0000:00: root bus resource [io  0x0000-0x0cf7 window]
[    0.493136] pci_bus 0000:00: root bus resource [io  0x0d00-0xffff window]
[    0.494745] pci_bus 0000:00: root bus resource [mem 0x000a0000-0x000bffff window]
[    0.496665] pci_bus 0000:00: root bus resource [mem 0x40000000-0xfdffffff window]
[    0.498235] pci_bus 0000:00: root bus resource [bus 00-ff]
[    0.501450] pci 0000:00:01.1: legacy IDE quirk: reg 0x10: [io  0x01f0-0x01f7]
[    0.503310] pci 0000:00:01.1: legacy IDE quirk: reg 0x14: [io  0x03f6]
[    0.505002] pci 0000:00:01.1: legacy IDE quirk: reg 0x18: [io  0x0170-0x0177]
[    0.506837] pci 0000:00:01.1: legacy IDE quirk: reg 0x1c: [io  0x0376]
[    0.518907] pci 0000:00:07.0: quirk: [io  0x4000-0x403f] claimed by PIIX4 ACPI
[    0.521111] pci 0000:00:07.0: quirk: [io  0x4100-0x410f] claimed by PIIX4 SMB
[    0.526514] ACPI: PCI Interrupt Link [LNKA] (IRQs 5 9 10 *11)
[    0.528845] ACPI: PCI Interrupt Link [LNKB] (IRQs 5 9 *10 11)
[    0.530965] ACPI: PCI Interrupt Link [LNKC] (IRQs 5 *9 10 11)
[    0.532422] ACPI: PCI Interrupt Link [LNKD] (IRQs 5 9 10 *11)
[    0.533976] ACPI: Enabled 2 GPEs in block 00 to 07
[    0.535272] vgaarb: setting as boot device: PCI:0000:00:02.0
[    0.536346] vgaarb: device added: PCI:0000:00:02.0,decodes=io+mem,owns=io+mem,locks=none
[    0.538676] vgaarb: loaded
[    0.539527] vgaarb: bridge control possible 0000:00:02.0
[    0.540966] SCSI subsystem initialized
[    0.541874] ACPI: bus type USB registered
[    0.542685] usbcore: registered new interface driver usbfs
[    0.543647] usbcore: registered new interface driver hub
[    0.544575] usbcore: registered new device driver usb
[    0.545749] PCI: Using ACPI for IRQ routing
[    0.547098] NetLabel: Initializing
[    0.547993] NetLabel:  domain hash size = 128
[    0.548876] NetLabel:  protocols = UNLABELED CIPSOv4
[    0.549898] NetLabel:  unlabeled traffic allowed by default
[    0.551117] amd_nb: Cannot enumerate AMD northbridges
[    0.552110] clocksource: Switched to clocksource kvm-clock
[    0.558703] AppArmor: AppArmor Filesystem Enabled
[    0.560316] pnp: PnP ACPI init
[    0.561997] pnp: PnP ACPI: found 3 devices
[    0.563239] PnPBIOS: Disabled by ACPI PNP
[    0.606030] clocksource: acpi_pm: mask: 0xffffff max_cycles: 0xffffff, max_idle_ns: 2085701024 ns
[    0.608585] NET: Registered protocol family 2
[    0.609952] TCP established hash table entries: 8192 (order: 3, 32768 bytes)
[    0.611711] TCP bind hash table entries: 8192 (order: 4, 65536 bytes)
[    0.612983] TCP: Hash tables configured (established 8192 bind 8192)
[    0.614195] UDP hash table entries: 512 (order: 2, 16384 bytes)
[    0.615743] UDP-Lite hash table entries: 512 (order: 2, 16384 bytes)
[    0.617101] NET: Registered protocol family 1
[    0.617983] pci 0000:00:00.0: Limiting direct PCI/PCI transfers
[    0.619723] pci 0000:00:01.0: Activating ISA DMA hang workarounds
[    0.621068] Unpacking initramfs...
[    0.841870] Freeing initrd memory: 14840K
[    0.842903] clocksource: tsc: mask: 0xffffffffffffffff max_cycles: 0x2135f5e6f15, max_idle_ns: 440795231538 ns
[    0.845388] platform rtc_cmos: registered platform RTC device (no PNP device found)
[    0.847163] Scanning for low memory corruption every 60 seconds
[    0.848865] audit: initializing netlink subsys (disabled)
[    0.849937] audit: type=2000 audit(1596579980.991:1): initialized
[    0.851284] Initialise system trusted keyring
[    0.852493] HugeTLB registered 2 MB page size, pre-allocated 0 pages
[    0.854645] zbud: loaded
[    0.856611] VFS: Disk quotas dquot_6.6.0
[    0.857467] VFS: Dquot-cache hash table entries: 1024 (order 0, 4096 bytes)
[    0.858937] squashfs: version 4.0 (2009/01/31) Phillip Lougher
[    0.860361] fuse init (API version 7.23)
[    0.861286] Key type big_key registered
[    0.862118] Allocating IMA MOK and blacklist keyrings.
[    0.864817] Key type asymmetric registered
[    0.865707] Asymmetric key parser 'x509' registered
[    0.866704] bounce: pool size: 64 pages
[    0.867487] Block layer SCSI generic (bsg) driver version 0.4 loaded (major 249)
[    0.869076] io scheduler noop registered
[    0.870231] io scheduler deadline registered (default)
[    0.871333] io scheduler cfq registered
[    0.872161] pci_hotplug: PCI Hot Plug PCI Core version: 0.5
[    0.873245] pciehp: PCI Express Hot Plug Controller Driver version: 0.4
[    0.874923] ACPI: AC Adapter [AC] (off-line)
[    0.876186] input: Power Button as /devices/LNXSYSTM:00/LNXPWRBN:00/input/input0
[    0.878185] ACPI: Power Button [PWRF]
[    0.879221] input: Sleep Button as /devices/LNXSYSTM:00/LNXSLPBN:00/input/input1
[    0.881837] ACPI: Sleep Button [SLPF]
[    0.884885] GHES: HEST is not enabled!
[    0.886220] Serial: 8250/16550 driver, 32 ports, IRQ sharing enabled
[    0.886337] isapnp: Scanning for PnP cards...
[    0.888956] ACPI: Battery Slot [BAT0] (battery present)
[    0.910648] 00:02: ttyS0 at I/O 0x3f8 (irq = 4, base_baud = 115200) is a 16550A
[    0.913508] Linux agpgart interface v0.103
[    0.920416] loop: module loaded
[    0.921996] scsi host0: ata_piix
[    0.922809] scsi host1: ata_piix
[    0.923957] ata1: PATA max UDMA/33 cmd 0x1f0 ctl 0x3f6 bmdma 0xd000 irq 14
[    0.925629] ata2: PATA max UDMA/33 cmd 0x170 ctl 0x376 bmdma 0xd008 irq 15
[    0.927792] libphy: Fixed MDIO Bus: probed
[    0.928706] tun: Universal TUN/TAP device driver, 1.6
[    0.929683] tun: (C) 1999-2004 Max Krasnyansky <maxk@qualcomm.com>
[    0.931048] PPP generic driver version 2.4.2
[    0.931963] ehci_hcd: USB 2.0 'Enhanced' Host Controller (EHCI) Driver
[    0.933267] ehci-pci: EHCI PCI platform driver
[    0.934168] ehci-platform: EHCI generic platform driver
[    0.935226] ohci_hcd: USB 1.1 'Open' Host Controller (OHCI) Driver
[    0.936968] ohci-pci: OHCI PCI platform driver
[    0.937910] ohci-platform: OHCI generic platform driver
[    0.939394] uhci_hcd: USB Universal Host Controller Interface driver
[    0.941193] i8042: PNP: PS/2 Controller [PNP0303:PS2K,PNP0f03:PS2M] at 0x60,0x64 irq 1,12
[    0.943266] serio: i8042 KBD port at 0x60,0x64 irq 1
[    0.944304] serio: i8042 AUX port at 0x60,0x64 irq 12
[    0.945387] mousedev: PS/2 mouse device common for all mice
[    0.946698] input: AT Translated Set 2 keyboard as /devices/platform/i8042/serio0/input/input2
[    0.948704] rtc_cmos rtc_cmos: rtc core: registered rtc_cmos as rtc0
[    0.949816] rtc_cmos rtc_cmos: alarms up to one day, 114 bytes nvram
[    0.950896] i2c /dev entries driver
[    0.951858] device-mapper: uevent: version 1.0.3
[    0.953267] device-mapper: ioctl: 4.34.0-ioctl (2015-10-28) initialised: dm-devel@redhat.com
[    0.955065] platform eisa.0: Probing EISA bus 0
[    0.955881] platform eisa.0: EISA: Cannot allocate resource for mainboard
[    0.957081] platform eisa.0: Cannot allocate resource for EISA slot 1
[    0.958182] platform eisa.0: Cannot allocate resource for EISA slot 2
[    0.959274] platform eisa.0: Cannot allocate resource for EISA slot 3
[    0.960400] platform eisa.0: Cannot allocate resource for EISA slot 4
[    0.961489] platform eisa.0: Cannot allocate resource for EISA slot 5
[    0.962575] platform eisa.0: Cannot allocate resource for EISA slot 6
[    0.963658] platform eisa.0: Cannot allocate resource for EISA slot 7
[    0.965477] platform eisa.0: Cannot allocate resource for EISA slot 8
[    0.966764] platform eisa.0: EISA: Detected 0 cards
[    0.968007] cpufreq-nforce2: No nForce2 chipset.
[    0.968885] ledtrig-cpu: registered to indicate activity on CPUs
[    0.970105] NET: Registered protocol family 10
[    0.971049] NET: Registered protocol family 17
[    0.971873] Key type dns_resolver registered
[    0.973028] Using IPI No-Shortcut mode
[    0.974255] registered taskstats version 1
[    0.975023] Loading compiled-in X.509 certificates
[    0.977405] Loaded X.509 cert 'Build time autogenerated kernel key: 1b14c8a015885eac51c1da9cfa165f27239f23f1'
[    0.979707] zswap: loaded using pool lzo/zbud
[    0.981706] Key type trusted registered
[    0.985179] Key type encrypted registered
[    0.986374] AppArmor: AppArmor sha1 policy hashing enabled
[    0.987805] ima: No TPM chip found, activating TPM-bypass!
[    0.989528] ima: Allocated hash algorithm: sha1
[    0.991001] evm: HMAC attrs: 0x1
[    0.992520]   Magic number: 0:23:451
[    0.993290] rtc_cmos rtc_cmos: setting system clock to 2020-08-04 22:26:16 UTC (1596579976)
[    0.994878] BIOS EDD facility v0.16 2004-Jun-25, 0 devices found
[    0.996333] EDD information not available.
[    1.245560] isapnp: No Plug & Play device found
[    1.247471] Freeing unused kernel memory: 940K
[    1.260594] Write protecting the kernel text: 8148k
[    1.262038] Write protecting the kernel read-only data: 3216k
[    1.263728] NX-protecting the kernel data: 6188k
Loading, please wait...
starting version 229
[    1.276339] random: systemd-udevd: uninitialized urandom read (16 bytes read, 0 bits of entropy available)
[    1.276880] random: udevadm: uninitialized urandom read (16 bytes read, 0 bits of entropy available)
[    1.280887] random: systemd-udevd: uninitialized urandom read (16 bytes read, 0 bits of entropy available)
[    1.283055] random: systemd-udevd: uninitialized urandom read (16 bytes read, 0 bits of entropy available)
[    1.286050] random: udevadm: uninitialized urandom read (16 bytes read, 0 bits of entropy available)
[    1.288350] random: systemd-udevd: uninitialized urandom read (16 bytes read, 0 bits of entropy available)
[    1.288407] random: udevadm: uninitialized urandom read (16 bytes read, 0 bits of entropy available)
[    1.288549] random: udevadm: uninitialized urandom read (16 bytes read, 0 bits of entropy available)
[    1.288594] random: udevadm: uninitialized urandom read (16 bytes read, 0 bits of entropy available)
[    1.288636] random: udevadm: uninitialized urandom read (16 bytes read, 0 bits of entropy available)
[    1.347189] Fusion MPT base driver 3.04.20
[    1.348432] Copyright (c) 1999-2008 LSI Corporation
[    1.350273] e1000: Intel(R) PRO/1000 Network Driver - version 7.3.21-k8-NAPI
[    1.352069] e1000: Copyright (c) 1999-2006 Intel Corporation.
[    1.379832] Fusion MPT SPI Host driver 3.04.20
[    1.565411] input: ImExPS/2 Generic Explorer Mouse as /devices/platform/i8042/serio1/input/input4
[    1.740150] e1000 0000:00:03.0 eth0: (PCI:33MHz:32-bit) 02:9c:03:ef:41:89
[    1.742275] e1000 0000:00:03.0 eth0: Intel(R) PRO/1000 Network Connection
[    1.744629] mptbase: ioc0: Initiating bringup
[    1.746218] e1000 0000:00:03.0 enp0s3: renamed from eth0
[    1.884832] ioc0: LSI53C1030 A0: Capabilities={Initiator}
[    4.403294] scsi host2: ioc0: LSI53C1030 A0, FwRev=00000000h, Ports=1, MaxQ=256, IRQ=20
[    6.080842] scsi 2:0:0:0: Direct-Access     VBOX     HARDDISK         1.0  PQ: 0 ANSI: 5
[    6.082801] scsi target2:0:0: Beginning Domain Validation
[    6.085055] scsi target2:0:0: Domain Validation skipping write tests
[    6.086236] scsi target2:0:0: Ending Domain Validation
[    6.087552] scsi target2:0:0: asynchronous
[    6.089201] scsi 2:0:1:0: Direct-Access     VBOX     HARDDISK         1.0  PQ: 0 ANSI: 5
[    6.091183] scsi target2:0:1: Beginning Domain Validation
[    6.093714] scsi target2:0:1: Domain Validation skipping write tests
[    6.094934] scsi target2:0:1: Ending Domain Validation
[    6.095970] scsi target2:0:1: asynchronous
[    6.103227] sd 2:0:0:0: Attached scsi generic sg0 type 0
[    6.104746] sd 2:0:0:0: [sda] 20971520 512-byte logical blocks: (10.7 GB/10.0 GiB)
[    6.107379] sd 2:0:1:0: [sdb] 20480 512-byte logical blocks: (10.5 MB/10.0 MiB)
[    6.107514] sd 2:0:1:0: Attached scsi generic sg1 type 0
[    6.107927] sd 2:0:0:0: [sda] Write Protect is off
[    6.108097] sd 2:0:0:0: [sda] Incomplete mode parameter data
[    6.108098] sd 2:0:0:0: [sda] Assuming drive cache: write through
[    6.110243]  sda: sda1
[    6.110897] sd 2:0:0:0: [sda] Attached SCSI disk
[    6.116565] sd 2:0:1:0: [sdb] Write Protect is off
[    6.117684] sd 2:0:1:0: [sdb] Incomplete mode parameter data
[    6.119241] sd 2:0:1:0: [sdb] Assuming drive cache: write through
[    6.123656] sd 2:0:1:0: [sdb] Attached SCSI disk
Begin: Loading essential drivers ... [    7.580184] md: linear personality registered for level -1
[    7.585392] md: multipath personality registered for level -4
[    7.590480] md: raid0 personality registered for level 0
[    7.597015] md: raid1 personality registered for level 1
[    7.672504] raid6: mmxx1    gen()  6845 MB/s
[    7.740544] raid6: mmxx2    gen()  7125 MB/s
[    7.808278] raid6: sse1x1   gen()  6281 MB/s
[    7.876338] raid6: sse1x2   gen()  6613 MB/s
[    7.944121] raid6: sse2x1   gen() 12525 MB/s
[    8.012177] raid6: sse2x1   xor()  8070 MB/s
[    8.080232] raid6: sse2x2   gen() 14915 MB/s
[    8.148152] raid6: sse2x2   xor() 10487 MB/s
[    8.216140] raid6: avx2x1   gen() 23765 MB/s
[    8.284352] raid6: avx2x2   gen() 25872 MB/s
[    8.285548] raid6: using algorithm avx2x2 gen() 25872 MB/s
[    8.287162] raid6: using avx2x1 recovery algorithm
[    8.291153] xor: automatically using best checksumming function:
[    8.336255]    avx       : 24395.000 MB/sec
[    8.339654] async_tx: api initialized (async)
[    8.360829] md: raid6 personality registered for level 6
[    8.362591] md: raid5 personality registered for level 5
[    8.363697] md: raid4 personality registered for level 4
[    8.373115] md: raid10 personality registered for level 10
done.
Begin: Running /scripts/init-premount ... done.
Begin: Mounting root file system ... Begin: Running /scripts/local-top ... done.
Begin: Running /scripts/local-premount ... [    8.408857] Btrfs loaded
Scanning for Btrfs filesystems
done.
Warning: fsck not present, so skipping root file system
[    8.432516] EXT4-fs (sda1): INFO: recovery required on readonly filesystem
[    8.433935] EXT4-fs (sda1): write access will be enabled during recovery
[    8.518811] EXT4-fs (sda1): recovery complete
[    8.520253] EXT4-fs (sda1): mounted filesystem with ordered data mode. Opts: (null)
done.
Begin: Running /scripts/local-bottom ... done.
Begin: Running /scripts/init-bottom ... done.
[    8.619452] systemd[1]: systemd 229 running in system mode. (+PAM +AUDIT +SELINUX +IMA +APPARMOR +SMACK +SYSVINIT +UTMP +LIBCRYPTSETUP +GCRYPT +GNUTLS +ACL +XZ -LZ4 +SECCOMP +BLKID +ELFUTILS +KMOD -IDN)
[    8.622546] systemd[1]: Detected virtualization oracle.
[    8.623470] systemd[1]: Detected architecture x86.

Welcome to [1mUbuntu 16.04.6 LTS[0m!

[    8.627115] systemd[1]: Set hostname to <ubuntu-xenial>.
[    8.753371] systemd[1]: Listening on Journal Socket (/dev/log).
[[0;32m  OK  [0m] Listening on Journal Socket (/dev/log).
[    8.761009] systemd[1]: Listening on /dev/initctl Compatibility Named Pipe.
[[0;32m  OK  [0m] Listening on /dev/initctl Compatibility Named Pipe.
[    8.769016] systemd[1]: Listening on LVM2 metadata daemon socket.
[[0;32m  OK  [0m] Listening on LVM2 metadata daemon socket.
[    8.771940] systemd[1]: Listening on Journal Socket.
[[0;32m  OK  [0m] Listening on Journal Socket.
[    8.780896] systemd[1]: Listening on LVM2 poll daemon socket.
[[0;32m  OK  [0m] Listening on LVM2 poll daemon socket.
[    8.789082] systemd[1]: Created slice System Slice.
[[0;32m  OK  [0m] Created slice System Slice.
[    8.804395] systemd[1]: Starting Nameserver information manager...
         Starting Nameserver information manager...
[    8.808316] systemd[1]: Set up automount Arbitrary Executable File Formats File System Automount Point.
[[0;32m  OK  [0m] Set up automount Arbitrary Executab...ats File System Automount Point.
[    8.812564] systemd[1]: Started Trigger resolvconf update for networkd DNS.
[[0;32m  OK  [0m] Started Trigger resolvconf update for networkd DNS.
[    8.815223] systemd[1]: Listening on udev Kernel Socket.
[[0;32m  OK  [0m] Listening on udev Kernel Socket.
[    8.817137] systemd[1]: Created slice User and Session Slice.
[[0;32m  OK  [0m] Created slice User and Session Slice.
[    8.825221] systemd[1]: Mounting POSIX Message Queue File System...
         Mounting POSIX Message Queue File System...
[    8.827849] systemd[1]: Reached target Swap.
[[0;32m  OK  [0m] Reached target Swap.
[    8.829545] systemd[1]: Listening on Journal Audit Socket.
[[0;32m  OK  [0m] Listening on Journal Audit Socket.
[    8.832221] systemd[1]: Created slice system-serial\x2dgetty.slice.
[[0;32m  OK  [0m] Created slice system-serial\x2dgetty.slice.
[    8.840858] systemd[1]: Listening on Syslog Socket.
[[0;32m  OK  [0m] Listening on Syslog Socket.
[    8.860556] systemd[1]: Starting Uncomplicated firewall...
         Starting Uncomplicated firewall...
[    8.864511] systemd[1]: Starting Journal Service...
         Starting Journal Service...
[    8.867130] systemd[1]: Listening on udev Control Socket.
[[0;32m  OK  [0m] Listening on udev Control Socket.
[    8.878551] systemd[1]: Starting Load Kernel Modules...
         Starting Load Kernel Modules...
[    8.881416] systemd[1]: Reached target System Time Synchronized.
[[0;32m  OK  [0m] Reached target System Time Synchronized.
[    8.888366] systemd[1]: Started Forward Password Requests to Wall Directory Watch.
[    8.890330] Loading iSCSI transport class v2.0-870.
[[0;32m  OK  [0m] Started Forward Password Requests to Wall Directory Watch.
[    8.892763] random: nonblocking pool is initialized
[    8.892815] systemd[1]: Starting Set console keymap...
         Starting Set console keymap...
[    8.895575] systemd[1]: Reached target User and Group Name Lookups.
[[0;32m  OK  [0m] Reached target User and Group Name Lookups.
[    8.900125] systemd[1]: Reached target Encrypted Volumes.
[[0;32m  OK  [0m] Reached target Encrypted Volumes.
[    8.902990] systemd[1]: Starting Remount Root and Kernel File Systems...
         Starting Remount Root and Kernel File Systems...
[    8.907812] EXT4-fs (sda1): re-mounted. Opts: (null)
[    8.911327] iscsi: registered transport (tcp)
[    8.912423] systemd[1]: Reached target Slices.
[[0;32m  OK  [0m] Reached target Slices.
[    8.914577] systemd[1]: Mounting Huge Pages File System...
         Mounting Huge Pages File System...
[    8.924763] systemd[1]: Mounting Debug File System...
         Mounting Debug File System...
[    8.927120] systemd[1]: Listening on Device-mapper event daemon FIFOs.
[[0;32m  OK  [0m] Listening on Device-mapper event daemon FIFOs.
[    8.932677] systemd[1]: Starting Monitoring of LVM2 mirrors, snapshots etc. using dmeventd or progress polling...
         Starting Monitoring of LVM2 mirrors... dmeventd or progress polling...
[    8.945601] systemd[1]: Starting Create list of required static device nodes for the current kernel...
         Starting Create list of required st... nodes for the current kernel...
[    8.950091] systemd[1]: Mounted Huge Pages File System.
[[0;32m  OK  [0m] Mounted Huge Pages File System.
[    8.952633] systemd[1]: Mounted POSIX Message Queue File System.
[[0;32m  OK  [0m] Mounted POSIX Message Queue File System.
[    8.960602] systemd[1]: Mounted Debug File System.
[[0;32m  OK  [0m] Mounted Debug File System.
[    8.962672] systemd[1]: Started Journal Service.
[    8.964567] iscsi: registered transport (iser)
[[0;32m  OK  [0m] Started Journal Service.
[[0;32m  OK  [0m] Started Uncomplicated firewall.
[[0;32m  OK  [0m] Started Load Kernel Modules.
[[0;32m  OK  [0m] Started Set console keymap.
[[0;32m  OK  [0m] Started Remount Root and Kernel File Systems.
[[0;32m  OK  [0m] Started Create list of required sta...ce nodes for the current kernel.
[[0;32m  OK  [0m] Started Nameserver information manager.
[[0;32m  OK  [0m] Started LVM2 metadata daemon.
         Starting Create Static Device Nodes in /dev...
         Starting udev Coldplug all Devices...
         Starting Load/Save Random Seed...
         Mounting FUSE Control File System...
         Starting Apply Kernel Variables...
         Starting Flush Journal to Persistent Storage...
[[0;32m  OK  [0m] Mounted FUSE Control File System.
[[0;32m  OK  [0m] Started Load/Save Random Seed.
[[0;32m  OK  [0m] Started Apply Kernel Variables.
[[0;32m  OK  [0m] Started Flush Journal to Persistent Storage.
[[0;32m  OK  [0m] Started Create Static Device Nodes in /dev.
         Starting udev Kernel Device Manager...
[[0;32m  OK  [0m] Started udev Coldplug all Devices.
[[0;32m  OK  [0m] Started udev Kernel Device Manager.
[[0;32m  OK  [0m] Started Dispatch Password Requests to Console Directory Watch.
[[0;32m  OK  [0m] Found device /dev/ttyS0.
[[0;32m  OK  [0m] Listening on Load/Save RF Kill Switch Status /dev/rfkill Watch.
[[0;32m  OK  [0m] Found device 82540EM Gigabit Ethern...r (PRO/1000 MT Desktop Adapter).
[[0;32m  OK  [0m] Started Monitoring of LVM2 mirrors,...ng dmeventd or progress polling.
[[0;32m  OK  [0m] Reached target Local File Systems (Pre).
[[0;32m  OK  [0m] Reached target Local File Systems.
         Starting Tell Plymouth To Write Out Runtime Data...
         Starting Initial cloud-init job (pre-networking)...
         Starting Create Volatile Files and Directories...
         Starting Set console font and keymap...
         Starting LSB: AppArmor initialization...
[[0;32m  OK  [0m] Started Tell Plymouth To Write Out Runtime Data.
[[0;32m  OK  [0m] Started Create Volatile Files and Directories.
         Starting Update UTMP about System Boot/Shutdown...
[[0;32m  OK  [0m] Started LSB: AppArmor initialization.
         Starting Load AppArmor profiles managed internally by snapd...
[[0;32m  OK  [0m] Started Load AppArmor profiles managed internally by snapd.
[[0;32m  OK  [0m] Started Update UTMP about System Boot/Shutdown.
[[0;32m  OK  [0m] Started Set console font and keymap.
[[0;32m  OK  [0m] Created slice system-getty.slice.
[   10.158131] cloud-init[597]: Cloud-init v. 20.2-45-g5f7825e2-0ubuntu1~16.04.1 running 'init-local' at Tue, 04 Aug 2020 22:26:25 +0000. Up 9.94 seconds.
[[0;32m  OK  [0m] Started Initial cloud-init job (pre-networking).
[[0;32m  OK  [0m] Reached target Network (Pre).
         Starting Raise network interfaces...
[[0;32m  OK  [0m] Started ifup for enp0s3.
[[0;32m  OK  [0m] Started Raise network interfaces.
         Starting Initial cloud-init job (metadata service crawler)...
[[0;32m  OK  [0m] Reached target Network.
[   10.779356] cloud-init[963]: Cloud-init v. 20.2-45-g5f7825e2-0ubuntu1~16.04.1 running 'init' at Tue, 04 Aug 2020 22:26:26 +0000. Up 10.56 seconds.
[   10.788336] cloud-init[963]: ci-info: +++++++++++++++++++++++++++++++++++++Net device info++++++++++++++++++++++++++++++++++++++
[   10.789693] cloud-init[963]: ci-info: +--------+------+---------------------------+---------------+--------+-------------------+
[   10.790953] cloud-init[963]: ci-info: | Device |  Up  |          Address          |      Mask     | Scope  |     Hw-Address    |
[   10.792524] cloud-init[963]: ci-info: +--------+------+---------------------------+---------------+--------+-------------------+
[   10.800289] cloud-init[963]: ci-info: | enp0s3 | True |         10.0.2.15         | 255.255.255.0 | global | 02:9c:03:ef:41:89 |
[   10.801479] cloud-init[963]: ci-info: | enp0s3 | True | fe80::9c:3ff:feef:4189/64 |       .       |  link  | 02:9c:03:ef:41:89 |
[   10.802867] cloud-init[963]: ci-info: |   lo   | True |         127.0.0.1         |   255.0.0.0   |  host  |         .         |
[   10.808679] cloud-init[963]: ci-info: |   lo   | True |          ::1/128          |       .       |  host  |         .         |
[[0;32m  OK  [0m] Started Initial cloud-init job (metadata service crawler).
[   10.808932] cloud-init[963]: ci-info: +--------+------+---------------------------+---------------+--------+-------------------+
[   10.816669] cloud-init[963]: ci-info: +++++++++++++++++++++++++++Route IPv4 info++++++++++++++++++++++++++++
[   10.816932] cloud-init[963]: ci-info: +-------+-------------+----------+---------------+-----------+-------+
[[0;32m  OK  [0m] Reached target System Initialization.
[   10.817029] cloud-init[963]: ci-info: | Route | Destination | Gateway  |    Genmask    | Interface | Flags |
[   10.820403] cloud-init[963]: ci-info: +-------+-------------+----------+---------------+-----------+-------+
         Starting Socket activation for snappy daemon.
[[   10.820555] [0;32m  OK  [0mcloud-init] [963]: Started Daily Cleanup of Temporary Directories.ci-info: |   0   |   0.0.0.0   | 10.0.2.2 |    0.0.0.0    |   enp0s3  |   UG  |

[   10.825293] cloud-init[963]: ci-info: |   1   |   10.0.2.0  | 0.0.0.0  | 255.255.255.0 |   enp0s3  |   U   |
[   10.825509] cloud-init[963]: ci-info: +-------+-------------+----------+---------------+-----------+-------+
[   10.826084] cloud-init[963]: ci-info: +++++++++++++++++++Route IPv6 info+++++++++++++++++++
[   10.826660] cloud-init[963]: ci-info: +-------+-------------+---------+-----------+-------+
[[0;32m  OK  [0m] Listening on UUID daemon activation socket.
[   10.826851] cloud-init[963]: ci-info: | Route | Destination | Gateway | Interface | Flags |
[   10.836944] cloud-init[963]: ci-info: +-------+-------------+---------+-----------+-------+
[   10.837254] cloud-init[963]: ci-info: |   0   |  fe80::/64  |    ::   |   enp0s3  |   U   |
[[0;32m  OK  [0m] Started ACPI Events Check.
[[   10.837428] [0;32m  OK  [0mcloud-init] [963]: Reached target Paths.ci-info: |   3   |   ff00::/8  |    ::   |   enp0s3  |   U   |

[   10.846837] cloud-init[963]: ci-info: +-------+-------------+---------+-----------+-------+
[[0;32m  OK  [0m] Started Daily apt download activities.
[[0;32m  OK  [0m] Started Daily apt upgrade and clean activities.
[[0;32m  OK  [0m] Started Message of the Day.
[[0;32m  OK  [0m] Reached target Timers.
         Starting LXD - unix socket.
[[0;32m  OK  [0m] Listening on ACPID Listen Socket.
[[0;32m  OK  [0m] Listening on D-Bus System Message Bus Socket.
[[0;32m  OK  [0m] Reached target Cloud-config availability.
[[0;32m  OK  [0m] Reached target Network is Online.
         Starting iSCSI initiator daemon (iscsid)...
[[0;32m  OK  [0m] Listening on Socket activation for snappy daemon.
[[0;32m  OK  [0m] Listening on LXD - unix socket.
[[0;32m  OK  [0m] Reached target Sockets.
[[0;32m  OK  [0m] Reached target Basic System.
         Starting Advanced key-value store...
[[0;32m  OK  [0m] Started D-Bus System Message Bus.
         Starting Message of the Day...
         Starting Virtualbox guest utils...
         Starting LSB: MD monitoring daemon...
         Starting /etc/rc.local Compatibility...
         Starting Login Service...
[[0;32m  OK  [0m] Started Regular background program processing daemon.
         Starting OpenBSD Secure Shell server...
         Starting System Logging Service...
         Starting LXD - container startup/shutdown...
         Starting Accounts Service...
[[0;32m  OK  [0m] Started FUSE filesystem for LXC.
[[0;32m  OK  [0m] Started An object/document-oriented database.
[[0;32m  OK  [0m] Started Deferred execution scheduler.
         Starting Snap Daemon...
[[0;32m  OK  [0m] Started ACPI event daemon.
         Starting LSB: Record successful boot for GRUB...
[[0;32m  OK  [0m] Started System Logging Service.
[[0;32m  OK  [0m] Started /etc/rc.local Compatibility.
[[0;32m  OK  [0m] Started iSCSI initiator daemon (iscsid).
[[0;32m  OK  [0m] Started Login Service.
[[0;32m  OK  [0m] Started Unattended Upgrades Shutdown.
         Starting Login to default iSCSI targets...
[[0;32m  OK  [0m] Started Login to default iSCSI targets.
[[0;32m  OK  [0m] Reached target Remote File Systems (Pre).
[[0;32m  OK  [0m] Reached target Remote File Systems.
         Starting LSB: Set the CPU Frequency Scaling governor to "ondemand"...
         Starting Permit User Sessions...
         Starting LSB: automatic crash report generation...
         Starting LSB: daemon to balance interrupts for SMP systems...
[[0;32m  OK  [0m] Started Permit User Sessions.
         Starting Authenticate and Authorize Users to Run Privileged Tasks...
         Starting Hold until boot process finishes up...
         Starting Terminate Plymouth Boot Screen...
[[0;32m  OK  [0m] Started Hold until boot process finishes up.
[[0;32m  OK  [0m] Started Serial Getty on ttyS0.
[[0;32m  OK  [0m] Started Getty on tty1.
[[0;32m  OK  [0m] Reached target Login Prompts.
         Starting Set console scheme...
[[0;32m  OK  [0m] Started LSB: Set the CPU Frequency Scaling governor to "ondemand".
[[0;32m  OK  [0m] Started Terminate Plymouth Boot Screen.
[[0;32m  OK  [0m] Started Set console scheme.
[[0;32m  OK  [0m] Started LSB: Record successful boot for GRUB.
[[0;32m  OK  [0m] Started LSB: MD monitoring daemon.
[[0;32m  OK  [0m] Started LSB: daemon to balance interrupts for SMP systems.
[[0;32m  OK  [0m] Started Authenticate and Authorize Users to Run Privileged Tasks.
[[0;32m  OK  [0m] Started Accounts Service.
[[0;32m  OK  [0m] Started Advanced key-value store.
[[0;32m  OK  [0m] Started LSB: automatic crash report generation.
[[0;32m  OK  [0m] Started Virtualbox guest utils.
[[0;32m  OK  [0m] Started OpenBSD Secure Shell server.
[[0;32m  OK  [0m] Started LXD - container startup/shutdown.
[[0;32m  OK  [0m] Started Snap Daemon.
         Starting Wait until snapd is fully seeded...
[[0;32m  OK  [0m] Started Wait until snapd is fully seeded.
         Starting Apply the settings specified in cloud-config...
[[0;32m  OK  [0m] Reached target Multi-User System.
[[0;32m  OK  [0m] Reached target Graphical Interface.
         Starting Update UTMP about System Runlevel Changes...
[[0;32m  OK  [0m] Started Update UTMP about System Runlevel Changes.
[   11.765214] cloud-init[1272]: Cloud-init v. 20.2-45-g5f7825e2-0ubuntu1~16.04.1 running 'modules:config' at Tue, 04 Aug 2020 22:26:27 +0000. Up 11.68 seconds.
[[0;32m  OK  [0m] Started Apply the settings specified in cloud-config.
         Starting Execute cloud user/final scripts...
[[0;32m  OK  [0m] Created slice User Slice of vagrant.
         Starting User Manager for UID 1000...
[[0;32m  OK  [0m] Started Session 1 of user vagrant.
[[0;32m  OK  [0m] Started User Manager for UID 1000.
[[0;32m  OK  [0m] Started Message of the Day.
[   12.278809] cloud-init[1291]: Cloud-init v. 20.2-45-g5f7825e2-0ubuntu1~16.04.1 running 'modules:final' at Tue, 04 Aug 2020 22:26:27 +0000. Up 12.16 seconds.
[   12.285105] cloud-init[1291]: Cloud-init v. 20.2-45-g5f7825e2-0ubuntu1~16.04.1 finished at Tue, 04 Aug 2020 22:26:27 +0000. Datasource DataSourceNoCloud [seed=/dev/sdb][dsmode=net].  Up 12.27 seconds
[[0;32m  OK  [0m] Started Execute cloud user/final scripts.
[[0;32m  OK  [0m] Reached target Cloud-init target.

Ubuntu 16.04.6 LTS ubuntu-xenial ttyS0

ubuntu-xenial login: 